<?xml version="1.0" encoding="UTF-8"?>
<!-- Generated by org.testng.reporters.JUnitReportReporter -->
<testsuite hostname="DESKTOP-TF7AAOL" failures="0" tests="2" name="test.Logout" time="27.315" errors="0" timestamp="2025-09-24T16:01:34 IST" skipped="0">
  <testcase classname="test.Logout" name="verifyLogoutOptionFromMyAccountMenu" time="16.441"/>
  <testcase classname="test.Logout" name="verifyLogoutOptionFromRightColumn" time="10.874"/>
</testsuite> <!-- test.Logout -->
