<?xml version="1.0" encoding="UTF-8"?>
<!-- Generated by org.testng.reporters.JUnitReportReporter -->
<testsuite hostname="DESKTOP-TF7AAOL" failures="0" tests="4" name="test.Register" time="70.014" errors="0" timestamp="2025-09-24T16:01:34 IST" skipped="0">
  <testcase classname="test.Register" name="verifyRegisterAccountByGivingAllFields" time="11.239"/>
  <testcase classname="test.Register" name="verifyRegisterAccountByGivingMandatoryFields" time="11.390"/>
  <testcase classname="test.Register" name="verifyRegisterAccountBySubscribingNewsLetter" time="18.312"/>
  <testcase classname="test.Register" name="verifyRegisterAccountByNotSubscribingNewsletter" time="29.073"/>
</testsuite> <!-- test.Register -->
