<?xml version="1.0" encoding="UTF-8"?>
<!-- Generated by org.testng.reporters.JUnitReportReporter -->
<testsuite hostname="DESKTOP-TF7AAOL" failures="0" tests="5" name="test.Login" time="72.307" errors="0" timestamp="2025-10-15T11:50:31 IST" skipped="0">
  <testcase classname="test.Login" name="verifyLoginWithValidCredentials" time="20.398"/>
  <testcase classname="test.Login" name="verifyLoginwithInvalidCredentials" time="10.334"/>
  <testcase classname="test.Login" name="verifyLoginwithInvalidEmailAndValidPassword" time="10.297"/>
  <testcase classname="test.Login" name="verifyLoginwithValidEmailAndInvalidPassword" time="17.629"/>
  <testcase classname="test.Login" name="verifyLoginWithoutEnteringCredentials" time="13.649"/>
</testsuite> <!-- test.Login -->
