<?xml version="1.0" encoding="UTF-8"?>
<!-- Generated by org.testng.reporters.JUnitReportReporter -->
<testsuite hostname="DESKTOP-TF7AAOL" failures="0" tests="4" name="test.Search" time="48.436" errors="0" timestamp="2025-09-16T16:18:46 IST" skipped="0">
  <testcase classname="test.Search" name="searchForProductAfterLogin" time="15.835"/>
  <testcase classname="test.Search" name="searchWithNonExistingProductName" time="13.618"/>
  <testcase classname="test.Search" name="searchWithExistingProductName" time="10.496"/>
  <testcase classname="test.Search" name="searchWithOutProvidingAnyProductName" time="8.487"/>
</testsuite> <!-- test.Search -->
