<?xml version="1.0" encoding="UTF-8"?>
<!-- Generated by org.testng.reporters.JUnitReportReporter -->
<testsuite hostname="DESKTOP-TF7AAOL" failures="0" tests="5" name="test.Login" time="46.918" errors="0" timestamp="2025-10-16T12:28:57 IST" skipped="0">
  <testcase classname="test.Login" name="verifyLoginWithValidCredentials" time="9.866"/>
  <testcase classname="test.Login" name="verifyLoginwithInvalidCredentials" time="9.049"/>
  <testcase classname="test.Login" name="verifyLoginwithInvalidEmailAndValidPassword" time="9.125"/>
  <testcase classname="test.Login" name="verifyLoginwithValidEmailAndInvalidPassword" time="8.333"/>
  <testcase classname="test.Login" name="verifyLoginWithoutEnteringCredentials" time="10.545"/>
</testsuite> <!-- test.Login -->
