<?xml version="1.0" encoding="UTF-8"?>
<!-- Generated by org.testng.reporters.JUnitReportReporter -->
<testsuite hostname="DESKTOP-TF7AAOL" failures="0" tests="5" name="test.Login" time="39.224" errors="0" timestamp="2025-10-06T18:24:34 IST" skipped="0">
  <testcase classname="test.Login" name="verifyLoginWithValidCredentials" time="8.401"/>
  <testcase classname="test.Login" name="verifyLoginwithInvalidCredentials" time="7.751"/>
  <testcase classname="test.Login" name="verifyLoginwithInvalidEmailAndValidPassword" time="8.047"/>
  <testcase classname="test.Login" name="verifyLoginwithValidEmailAndInvalidPassword" time="8.000"/>
  <testcase classname="test.Login" name="verifyLoginWithoutEnteringCredentials" time="7.025"/>
</testsuite> <!-- test.Login -->
