<?xml version="1.0" encoding="UTF-8"?>
<!-- Generated by org.testng.reporters.JUnitReportReporter -->
<testsuite hostname="DESKTOP-TF7AAOL" failures="0" tests="2" name="test.Logout" time="26.779" errors="0" timestamp="2025-10-06T18:24:34 IST" skipped="0">
  <testcase classname="test.Logout" name="verifyLogoutOptionFromMyAccountMenu" time="15.477"/>
  <testcase classname="test.Logout" name="verifyLogoutOptionFromRightColumn" time="11.302"/>
</testsuite> <!-- test.Logout -->
