<?xml version="1.0" encoding="UTF-8"?>
<!-- Generated by org.testng.reporters.JUnitReportReporter -->
<testsuite hostname="DESKTOP-TF7AAOL" failures="0" tests="4" name="test.Register" time="51.825" errors="0" timestamp="2025-10-06T18:24:34 IST" skipped="0">
  <testcase classname="test.Register" name="verifyRegisterAccountByGivingAllFields" time="13.196"/>
  <testcase classname="test.Register" name="verifyRegisterAccountByGivingMandatoryFields" time="15.624"/>
  <testcase classname="test.Register" name="verifyRegisterAccountBySubscribingNewsLetter" time="11.405"/>
  <testcase classname="test.Register" name="verifyRegisterAccountByNotSubscribingNewsletter" time="11.600"/>
</testsuite> <!-- test.Register -->
